<?xml version="1.0" encoding="UTF-8"?>
<!-- Generated by org.testng.reporters.JUnitReportReporter -->
<testsuite hostname="terralogic-G41T-R3" name="NewTest" tests="1" failures="0" timestamp="24 Mar 2017 11:41:09 GMT" time="46.399" errors="0">
  <testcase name="GoogleLogin" time="46.399" classname="NewTest"/>
</testsuite> <!-- NewTest -->
